#
# There is insufficient memory for the Java Runtime Environment to continue.
# Native memory allocation (malloc) failed to allocate 1048576 bytes for AllocateHeap
# Possible reasons:
#   The system is out of physical RAM or swap space
#   In 32 bit mode, the process size limit was hit
# Possible solutions:
#   Reduce memory load on the system
#   Increase physical memory or swap space
#   Check if swap backing store is full
#   Use 64 bit Java on a 64 bit OS
#   Decrease Java heap size (-Xmx/-Xms)
#   Decrease number of Java threads
#   Decrease Java thread stack sizes (-Xss)
#   Set larger code cache with -XX:ReservedCodeCacheSize=
# This output file may be truncated or incomplete.
#
#  Out of Memory Error (memory/allocation.inline.hpp:61), pid=20652, tid=0x00000000000050cc
#
# JRE version:  (8.0_131-b11) (build )
# Java VM: Java HotSpot(TM) 64-Bit Server VM (25.131-b11 mixed mode windows-amd64 compressed oops)
# Failed to write core dump. Minidumps are not enabled by default on client versions of Windows
#

---------------  T H R E A D  ---------------

Current thread (0x0000000002320800):  JavaThread "Unknown thread" [_thread_in_vm, id=20684, stack(0x0000000002190000,0x0000000002290000)]

Stack: [0x0000000002190000,0x0000000002290000]
[error occurred during error reporting (printing stack bounds), id 0xc0000005]

Native frames: (J=compiled Java code, j=interpreted, Vv=VM code, C=native code)


---------------  P R O C E S S  ---------------

Java Threads: ( => current thread )

Other Threads:

=>0x0000000002320800 (exited) JavaThread "Unknown thread" [_thread_in_vm, id=20684, stack(0x0000000002190000,0x0000000002290000)]

VM state:not at safepoint (normal execution)

VM Mutex/Monitor currently owned by a thread: None

Heap:
 PSYoungGen      total 76288K, used 1310K [0x000000076b300000, 0x0000000770800000, 0x00000007c0000000)
  eden space 65536K, 2% used [0x000000076b300000,0x000000076b447af0,0x000000076f300000)
  from space 10752K, 0% used [0x000000076fd80000,0x000000076fd80000,0x0000000770800000)
  to   space 10752K, 0% used [0x000000076f300000,0x000000076f300000,0x000000076fd80000)
 ParOldGen       total 175104K, used 0K [0x00000006c1800000, 0x00000006cc300000, 0x000000076b300000)
  object space 175104K, 0% used [0x00000006c1800000,0x00000006c1800000,0x00000006cc300000)
 Metaspace       used 746K, capacity 4480K, committed 4480K, reserved 1056768K
  class space    used 75K, capacity 384K, committed 384K, reserved 1048576K

Card table byte_map: [0x00000000117e0000,0x0000000011fe0000] byte_map_base: 0x000000000e1d4000

Marking Bits: (ParMarkBitMap*) 0x000000005374c720
 Begin Bits: [0x0000000012930000, 0x00000000168d0000)
 End Bits:   [0x00000000168d0000, 0x000000001a870000)

Polling page: 0x0000000000620000

CodeCache: size=245760Kb used=328Kb max_used=328Kb free=245431Kb
 bounds [0x0000000002420000, 0x0000000002690000, 0x0000000011420000]
 total_blobs=58 nmethods=0 adapters=38
 compilation: enabled

Compilation events (0 events):
No events

GC Heap History (0 events):
No events

Deoptimization events (0 events):
No events

Internal exceptions (0 events):
No events

Events (10 events):
Event: 0.134 loading class java/lang/Short
Event: 0.134 loading class java/lang/Short done
Event: 0.134 loading class java/lang/Integer
Event: 0.135 loading class java/lang/Integer done
Event: 0.135 loading class java/lang/Long
Event: 0.135 loading class java/lang/Long done
Event: 0.135 loading class java/lang/NullPointerException
Event: 0.135 loading class java/lang/NullPointerException done
Event: 0.135 loading class java/lang/ArithmeticException
Event: 0.135 loading class java/lang/ArithmeticException done


Dynamic libraries:
0x00007ff6d74c0000 - 0x00007ff6d74f7000 	C:\Program Files\Java\jre1.8.0_131\bin\javaw.exe
0x00007ffcddd10000 - 0x00007ffcddeeb000 	C:\Windows\SYSTEM32\ntdll.dll
0x00007ffcdb520000 - 0x00007ffcdb5ce000 	C:\Windows\System32\KERNEL32.DLL
0x00007ffcda440000 - 0x00007ffcda689000 	C:\Windows\System32\KERNELBASE.dll
0x00007ffcdd8b0000 - 0x00007ffcdd951000 	C:\Windows\System32\ADVAPI32.dll
0x00007ffcdd640000 - 0x00007ffcdd6dd000 	C:\Windows\System32\msvcrt.dll
0x00007ffcdd6e0000 - 0x00007ffcdd739000 	C:\Windows\System32\sechost.dll
0x00007ffcdb5f0000 - 0x00007ffcdb715000 	C:\Windows\System32\RPCRT4.dll
0x00007ffcdb3d0000 - 0x00007ffcdb51a000 	C:\Windows\System32\USER32.dll
0x00007ffcdb080000 - 0x00007ffcdb09e000 	C:\Windows\System32\win32u.dll
0x00007ffcdb2d0000 - 0x00007ffcdb2f7000 	C:\Windows\System32\GDI32.dll
0x00007ffcda790000 - 0x00007ffcda919000 	C:\Windows\System32\gdi32full.dll
0x00007ffcda330000 - 0x00007ffcda3ca000 	C:\Windows\System32\msvcp_win.dll
0x00007ffcda690000 - 0x00007ffcda786000 	C:\Windows\System32\ucrtbase.dll
0x00007ffcd2820000 - 0x00007ffcd2a87000 	C:\Windows\WinSxS\amd64_microsoft.windows.common-controls_6595b64144ccf1df_6.0.15063.0_none_108e4f62dfe5d999\COMCTL32.dll
0x00007ffcdda10000 - 0x00007ffcddd09000 	C:\Windows\System32\combase.dll
0x00007ffcda3d0000 - 0x00007ffcda43a000 	C:\Windows\System32\bcryptPrimitives.dll
0x00007ffcdb9d0000 - 0x00007ffcdb9fd000 	C:\Windows\System32\IMM32.DLL
0x0000000052c90000 - 0x0000000052d62000 	C:\Program Files\Java\jre1.8.0_131\bin\msvcr100.dll
0x0000000052f30000 - 0x00000000537cc000 	C:\Program Files\Java\jre1.8.0_131\bin\server\jvm.dll
0x00007ffcdba80000 - 0x00007ffcdba88000 	C:\Windows\System32\PSAPI.DLL
0x00007ffcd6770000 - 0x00007ffcd6779000 	C:\Windows\SYSTEM32\WSOCK32.dll
0x00007ffcdd410000 - 0x00007ffcdd47c000 	C:\Windows\System32\WS2_32.dll
0x00007ffcd3840000 - 0x00007ffcd3863000 	C:\Windows\SYSTEM32\WINMM.dll
0x00007ffcd3820000 - 0x00007ffcd382a000 	C:\Windows\SYSTEM32\VERSION.dll
0x00007ffcd2ff0000 - 0x00007ffcd301b000 	C:\Windows\SYSTEM32\WINMMBASE.dll
0x00007ffcda2e0000 - 0x00007ffcda329000 	C:\Windows\System32\cfgmgr32.dll
0x0000000052e40000 - 0x0000000052e4f000 	C:\Program Files\Java\jre1.8.0_131\bin\verify.dll
0x0000000052e10000 - 0x0000000052e39000 	C:\Program Files\Java\jre1.8.0_131\bin\java.dll
0x0000000052df0000 - 0x0000000052e06000 	C:\Program Files\Java\jre1.8.0_131\bin\zip.dll

VM Arguments:
jvm_args: -Dfile.encoding=Cp1252 
java_command: View.ViewClass
java_class_path (initial): C:\Users\agonz\Desktop\AvengersGame - Copy\bin
Launcher Type: SUN_STANDARD

Environment Variables:
PATH=C:/Program Files/Java/jre1.8.0_131/bin/server;C:/Program Files/Java/jre1.8.0_131/bin;C:/Program Files/Java/jre1.8.0_131/lib/amd64;C:\ProgramData\Oracle\Java\javapath;C:\Program Files (x86)\Intel\iCLS Client\;C:\Program Files\Intel\iCLS Client\;C:\Windows\system32;C:\Windows;C:\Windows\System32\Wbem;C:\Windows\System32\WindowsPowerShell\v1.0\;C:\Program Files (x86)\Intel\Intel(R) Management Engine Components\DAL;C:\Program Files\Intel\Intel(R) Management Engine Components\DAL;C:\Program Files (x86)\Intel\Intel(R) Management Engine Components\IPT;C:\Program Files\Intel\Intel(R) Management Engine Components\IPT;C:\Program Files (x86)\NVIDIA Corporation\PhysX\Common;C:\Program Files\Git\cmd;C:\Users\agonz\AppData\Local\Microsoft\WindowsApps;;C:\Windows\System32;
USERNAME=agonz
OS=Windows_NT
PROCESSOR_IDENTIFIER=Intel64 Family 6 Model 78 Stepping 3, GenuineIntel



---------------  S Y S T E M  ---------------

OS: Windows 10.0 , 64 bit Build 15063 (10.0.15063.0)

CPU:total 4 (initial active 4) (2 cores per cpu, 2 threads per core) family 6 model 78 stepping 3, cmov, cx8, fxsr, mmx, sse, sse2, sse3, ssse3, sse4.1, sse4.2, popcnt, avx, avx2, aes, clmul, erms, 3dnowpref, lzcnt, ht, tsc, tscinvbit, bmi1, bmi2, adx

Memory: 4k page, physical 16674644k(10145244k free), swap 67006292k(5644k free)

vm_info: Java HotSpot(TM) 64-Bit Server VM (25.131-b11) for windows-amd64 JRE (1.8.0_131-b11), built on Mar 15 2017 01:23:53 by "java_re" with MS VC++ 10.0 (VS2010)

time: Wed Apr 26 10:55:10 2017
elapsed time: 0 seconds (0d 0h 0m 0s)

